<?xml version="1.0" encoding="UTF-8"?>
<TestRun id="e7fdfe85-0d92-45f2-ae3f-5ae40a336fd9" name="LY@LENOVO-PC 2015-10-22 18:31:46" runUser="Lenovo-PC\LY" xmlns="http://microsoft.com/schemas/VisualStudio/TeamTest/2010">
  <TestSettings name="本地" id="2a3c8fd0-d08d-4f80-b7e2-51a2ee96eb7a">
    <Description>这些设置为本地测试运行的默认测试设置。</Description>
    <Deployment enabled="false" runDeploymentRoot="LY_LENOVO-PC 2015-10-22 18_31_46">
      <DeploymentItem filename="E:\上海出差\KukaArm\MechanicalArm\UDPDLL\bin\Debug\UDPDLL.dll" />
      <DeploymentItem filename="E:\上海出差\KukaArm\MechanicalArm\MechanicalArm\bin\Debug\MechanicalArm.exe" />
      <DeploymentItem filename="E:\上海出差\KukaArm\MechanicalArm\SocketClientDLL\bin\Debug\ClientDLL.dll" />
      <DeploymentItem filename="E:\上海出差\KukaArm\MechanicalArm\Helpers\bin\Debug\Helpers.dll" />
      <DeploymentItem filename="E:\上海出差\KukaArm\MechanicalArm\ArmController\bin\Debug\ArmController.dll" />
    </Deployment>
    <Execution>
      <TestTypeSpecific />
      <AgentRule name="Execution Agents">
      </AgentRule>
    </Execution>
  </TestSettings>
  <Times creation="2015-10-22T18:31:46.4534776+08:00" queuing="2015-10-22T18:31:46.5005120+08:00" start="2015-10-22T18:31:46.5045152+08:00" finish="2015-10-22T18:31:46.7305201+08:00" />
  <ResultSummary outcome="Completed">
    <Counters total="1" executed="1" passed="1" error="0" failed="0" timeout="0" aborted="0" inconclusive="0" passedButRunAborted="0" notRunnable="0" notExecuted="0" disconnected="0" warning="0" completed="0" inProgress="0" pending="0" />
  </ResultSummary>
  <TestDefinitions>
    <UnitTest name="TestArcTan" storage="e:\上海出差\kukaarm\mechanicalarm\testproject1\bin\debug\testproject1.dll" id="d9988a83-c4e4-e078-482d-982bc43e0790">
      <Execution id="991fe3b6-89ee-48be-86cc-63bb535a3ff7" />
      <TestMethod codeBase="E:/上海出差/KukaArm/MechanicalArm/TestProject1/bin/Debug/TestProject1.DLL" adapterTypeName="Microsoft.VisualStudio.TestTools.TestTypes.Unit.UnitTestAdapter, Microsoft.VisualStudio.QualityTools.Tips.UnitTest.Adapter, Version=10.0.0.0, Culture=neutral, PublicKeyToken=b03f5f7f11d50a3a" className="TestProject1.UnitTest1, TestProject1, Version=1.0.0.0, Culture=neutral, PublicKeyToken=null" name="TestArcTan" />
    </UnitTest>
  </TestDefinitions>
  <TestLists>
    <TestList name="列表中未列出的结果" id="8c84fa94-04c1-424b-9868-57a2d4851a1d" />
    <TestList name="所有已加载的结果" id="19431567-8539-422a-85d7-44ee4e166bda" />
  </TestLists>
  <TestEntries>
    <TestEntry testId="d9988a83-c4e4-e078-482d-982bc43e0790" executionId="991fe3b6-89ee-48be-86cc-63bb535a3ff7" testListId="8c84fa94-04c1-424b-9868-57a2d4851a1d" />
  </TestEntries>
  <Results>
    <UnitTestResult executionId="991fe3b6-89ee-48be-86cc-63bb535a3ff7" testId="d9988a83-c4e4-e078-482d-982bc43e0790" testName="TestArcTan" computerName="LENOVO-PC" duration="00:00:00.0133701" startTime="2015-10-22T18:31:46.5095182+08:00" endTime="2015-10-22T18:31:46.7150086+08:00" testType="13cdc9d9-ddb5-4fa4-a97d-d965ccfc6d4b" outcome="Passed" testListId="8c84fa94-04c1-424b-9868-57a2d4851a1d" relativeResultsDirectory="991fe3b6-89ee-48be-86cc-63bb535a3ff7">
    </UnitTestResult>
  </Results>
</TestRun>